Logging to file "go41.log"
Logging to file "go41.log" at Tue May  5 11:06:25 2026
/kl/go41.ini-16> att tty -U 2021
%SIM-INFO: Listening on port 2021

BOOT>


[PS MOUNTED]

SETSPD: TERMINAL 1-20 SPEED 9600
?INVALID CHARACTER IN NUMBER
?
System restarting, wait... SETSPD: COULD NOT SET MTA 0 SERIAL # 17
RUNNING DDMP


SYSJOB 5(20) STARTED AT  5-MAY-2026 0706
RUN SYS:ORION
RUN SYS:QUASAR
RUN SYS:MOUNTR
RUN SYS:INFO
RUN SYS:MAILER
RUN SYS:MAPPER
RUN SYS:LPTSPL
RUN SYS:LPTSPL
RUN SYS:CDRIVE
RUN SYS:SPRINT
JOB 0 /LOG OPERATOR XX OPERATOR
ENA
^ESET LOGIN PSEUDO
^ESET LOGIN CONSOLE
^ESET OPERATOR
PTYCON
GET SYSTEM:PTYCON.ATO
/
JOB 1 /LOG OPERATOR XX OPERATOR
ENA
RUN SYS:BATCON
/
SJ  1: @LOG OPERATOR OPERATOR
SJ  0: @LOG OPERATOR OPERATOR
SJ  1:  JOB 2 ON TTY107 5-MAY-2026 07:06:35
SJ  1: @ENA
SJ  1: $RUN SYS:BATCON
SJ  0:  JOB 1 ON TTY106 5-MAY-2026 07:06:35
SJ  0: @ENA
SJ  0: $^ESET LOGIN PSEUDO
SJ  0: $^ESET LOGIN CONSOLE
SJ  0: $^ESET OPERATOR
SJ  0: $PTYCON
SJ  0: PTYCON> GET SYSTEM:PTYCON.ATO
SJ  0: PTYCON> SILENCE

[From OPERATOR on line 110 to all: SYSTEM IN OPERATION]
SJ  0: PTYCON.LOG.1
SJ  0: PTYCON> W ALL
SJ  0: OPR(0)     3          OPERATOR   OPR        TI         0:0:0
SJ  0: PTYCON> CONN OPR
SJ  0: [CONNECTED TO SUBJOB OPR(0)]

 INSTALLATION-TEST V4.1, TOPS-20 Monitor 4.1(5471)
@LOGIN OPERATOR 
 Job 4 on TTY105 5-May-2026 07:06:41
@TERMINAL LA120
@ENABLE
$