Logging to file "inst41.log"
Logging to file "inst41.log" at Tue May  5 15:19:46 2026
/kl/inst41.ini-10> at tua -f e11 BB-4171H-BM.tap
%SIM-INFO: TUA0: Tape Image 'BB-4171H-BM.tap' scanned as E11 format
/kl/inst41.ini-11> at rpa0 -n dsk41/dsk0.rp06
%SIM-INFO: RPA0: creating new file: dsk41/dsk0.rp06
/kl/inst41.ini-12> at rpb1 -n dsk41/dsk1.rp06
%SIM-INFO: RPB1: creating new file: dsk41/dsk1.rp06

MTBOOT >/l

MTBOOT >/g143


[FOR ADDITIONAL INFORMATION TYPE "?" TO ANY OF THE FOLLOWING QUESTIONS.]

DO YOU WANT TO REPLACE THE FILE SYSTEM ON THE PUBLIC STRUCTURE? Y

DO YOU WANT TO DEFINE THE PUBLIC STRUCTURE? Y

HOW MANY PACKS ARE IN THIS STRUCTURE: 2

ON WHICH "CHANNEL,UNIT" IS LOGICAL PACK # 0 MOUNTED: 0,0

ON WHICH "CHANNEL,UNIT" IS LOGICAL PACK # 1 MOUNTED: 1,1

DO YOU WANT THE DEFAULT SWAPPING SPACE? Y

DO YOU WANT THE DEFAULT SIZE FRONT END FILE SYSTEM? Y

DO YOU WANT THE DEFAULT SIZE BOOTSTRAP AREA? Y

[STRUCTURE "PS" SUCCESSFULLY DEFINED]

[PS MOUNTED]
?PS UNIT 0 HAS NO BAT BLOCKS.
DO YOU WANT TO WRITE A SET OF PROTOTYPE BAT BLOCKS? Y
?PS UNIT 1 HAS NO BAT BLOCKS.
DO YOU WANT TO WRITE A SET OF PROTOTYPE BAT BLOCKS? Y

%%NO SETSPD

System restarting, wait...
<SYSTEM>ACCOUNTS-TABLE.BIN NOT FOUND - ACCOUNT VALIDATION IS DISABLED

RUNNING DDMP


NO SYSJOB
NO EXEC
MX>GET FILE MTA0:

INTERRUPT AT 0
MX>GET FILE MTA0:
MX>START
CANNOT FIND ERROR MESSAGE FILE
?TOPS-20 command processor not properly initialized.

INTERRUPT AT 116607
MX>