Logging to file "test.log"
Logging to file "test.log" at Tue May  5 16:55:45 2026
/kl/test.ini-11> at tua -f e11 BB-4171H-BM.tap
%SIM-INFO: TUA0: Tape Image 'BB-4171H-BM.tap' scanned as E11 format

MTBOOT >/l

MTBOOT >/g143


[FOR ADDITIONAL INFORMATION TYPE "?" TO ANY OF THE FOLLOWING QUESTIONS.]

DO YOU WANT TO REPLACE THE FILE SYSTEM ON THE PUBLIC STRUCTURE? N

[PS MOUNTED]
RECONSTRUCT ROOT-DIRECTORY? N
REBUILD BIT TABLE? N
NORMAL STARTUP ASSUMED.

%%NO SETSPD

System restarting, wait...
<SYSTEM>ACCOUNTS-TABLE.BIN NOT FOUND - ACCOUNT VALIDATION IS DISABLED

RUNNING DDMP


SYSJOB 4(11) STARTED AT  5-MAY-2026 1755
RUN SYS:ORION
RUN SYS:QUASAR
RUN SYS:MOUNTR
RUN SYS:INFO
RUN SYS:MAILER
RUN SYS:NETSER
RUN SYS:FTSCTL
RUN SYS:NMAILR
RUN SYS:MAPPER
RUN SYS:LPTSPL
RUN SYS:LPTSPL
RUN SYS:CDRIVE
RUN SYS:SPRINT
JOB 0 /LOG OPERATOR XX OPERATOR
ENA
^ESET LOGIN PSEUDO
^ESET LOGIN CONSOLE
^ESET OPERATOR
PTYCON
GET SYSTEM:PTYCON.ATO
/
JOB 1 /LOG OPERATOR XX OPERATOR
ENA
RUN SYS:BATCON
/
SJ  0: 
SJ  0:  TOPS-20 SMALL SYSTEM, TOPS-20 MONITOR 4
***** MAILER CRASHED AT 257.1(5471)
SJ  1: 
SJ  1:  TOPS-20 SMALL SYSTEM, TOPS-20 MONITOR 4.1(5471)
SJ  0: @LOG OPERATOR OPERATOR
SJ  1: @LOG OPERATOR OPERATOR
SJ  0:  JOB 1 ON TTY106 5-MAY-2026 17:55:58
SJ  0: @ENA
SJ  0: $^ESET LOGIN PSEUDO
SJ  0: $^ESET LOGIN CONSOLE
SJ  0: $^ESET OPERATOR
SJ  1:  JOB 2 ON TTY107 5-MAY-2026 17:55:58
SJ  1: @ENA
SJ  1: $RUN SYS:BATCON
SJ  0: $PTYCON
SJ  0: PTYCON> GET SYSTEM:PTYCON.ATO
SJ  0: PTYCON> SILENCE

[From OPERATOR on line 110: SYSTEM IN OPERATION]
SJ  0: PTYCON.LOG.1
SJ  0: PTYCON> W ALL
SJ  0: OPR(0)     3          OPERATOR   OPR        TI         0:0:0
SJ  0: PTYCON> CONN OPR
SJ  0: [CONNECTED TO SUBJOB OPR(0)]

 TOPS-20 SMALL SYSTEM, TOPS-20 Monitor 4.1(5471)
@LOGIN OPERATOR 
 Job 4 on TTY105 5-May-2026 17:56:06
@ENABLE (CAPABILITIES) 
$DUMPER
DUMPER>/kl/test.ini-31> at tua0 test.tap
%SIM-INFO: TUA0: Tape Image 'test.tap' scanned as SIMH format
TAPE MTA0:
DUMPER>SAVE PS:<SYSTEM>*.*.* <SYSTEM>*.*.*

DUMPER tape # 1, , Tuesday,  5-May-2026 1756
PS:<SYSTEM>

***** MAILER CRASHED AT 257...RESTART

***** MAILER CRASHED AT 257...RESTART


Total files dumped = 26
Total pages dumped = 2912
DUMPER>SAVE PS:<SUBSYS>*.*.* <SUBSYS>*.*.*

DUMPER tape # 1, , Tuesday,  5-May-2026 1805
PS:<SUBSYS>

***** MAILER CRASHED AT 257...RESTART


Total files dumped = 117
Total pages dumped = 1858
DUMPER>
***** MAILER CRASHED AT 257...RESTART

DUMPER>