Logging to file "instan.log"
Logging to file "instan.log" at Tue May  5 07:27:42 2026
/kl/instan2.ini-10> at tua -f e11 BB-5254D-BM.tap
%SIM-INFO: TUA0: Tape Image 'BB-5254D-BM.tap' scanned as E11 format

MTBOOT >/l


MTBOOT >/g143



[FOR ADDITIONAL INFORMATION TYPE "?" TO ANY OF THE FOLLOWING QUESTIONS.]

DO YOU WANT TO REPLACE THE FILE SYSTEM ON THE PUBLIC STRUCTURE? N

[PS MOUNTED]
RECONSTRUCT ROOT-DIRECTORY? N
REBUILD BIT TABLE? N
NORMAL STARTUP ASSUMED.

%%NO SETSPD

System restarting, wait...
<SYSTEM>ACCOUNTS-TABLE.BIN NOT FOUND - ACCOUNT VALIDATION IS DISABLED

RUNNING DDMP


********************
*BUGINF "IMPHIF" AT  5-MAY-2026 08:27:47
*JOB: 0, USER: OPERATOR

NO SYSJOB
********************
NO EXEC
MX>GET FILE MTA0:

INTERRUPT AT 0
MX>GET FILE MTA0:
MX>GET FILE MTA0:
MX>GET FILE MTA0:

INTERRUPT AT 0
MX>GET FILE MTA0:
MX>GET FILE MTA0:

INTERRUPT AT 0
MX>START
DUMPER>TAPE (DEVICE) MTA0:
DUMPER>RESTORE (TAPE FILES) PS:<*>*.*.* <SYSTEM>*.*.* 

?Sequence error, record 2, continuing.
%Tape does not start with header, continuing...
Loading file(s) into PS:<SYSTEM>

End of saveset
DUMPER>
DUMPER>RESTORE (TAPE FILES) PS:<*>*.*.* <SUBSYS>*.*.* 


DUMPER tape # 1, "NEW-SUBSYS FOR TOPS20AN V4 ", Friday,  6-Jun-80 1655
Loading file(s) into PS:<SUBSYS>

End of saveset
DUMPER>EXIT

INTERRUPT AT 5651
MX>
